[2026-05-21 15:58:29.515] INFO  ua.uni.visual.Panels -> UI initialized
[2026-05-21 15:58:29.516] DEBUG ua.uni.visual.Panels -> Canvas 40x30 is ready
[2026-05-21 15:58:29.516] WARN  ua.uni.visual.Panels -> Autosave is off
[2026-05-21 16:02:17.705] INFO  ua.uni.visual.Panels -> UI initialized
[2026-05-21 16:02:17.706] DEBUG ua.uni.visual.Panels -> Canvas 40x30 is ready
[2026-05-21 16:02:17.706] WARN  ua.uni.visual.Panels -> Autosave is off
[2026-05-21 16:03:26.227] INFO  ua.uni.visual.Panels -> UI initialized
[2026-05-21 16:03:26.228] DEBUG ua.uni.visual.Panels -> Canvas 40x30 is ready
[2026-05-21 16:03:26.228] WARN  ua.uni.visual.Panels -> Autosave is off
[2026-05-21 16:03:58.575] INFO  ua.uni.visual.Panels -> UI initialized
[2026-05-21 16:03:58.576] DEBUG ua.uni.visual.Panels -> Canvas 40x30 is ready
[2026-05-21 16:03:58.576] WARN  ua.uni.visual.Panels -> Autosave is off
[2026-05-21 16:04:03.655] INFO  ua.uni.visual.Panels -> UI initialized
[2026-05-21 16:04:03.656] DEBUG ua.uni.visual.Panels -> Canvas 40x30 is ready
[2026-05-21 16:04:03.656] WARN  ua.uni.visual.Panels -> Autosave is off
[2026-05-21 16:04:26.299] INFO  ua.uni.visual.Panels -> UI initialized
[2026-05-21 16:04:26.299] DEBUG ua.uni.visual.Panels -> Canvas 40x30 is ready
[2026-05-21 16:04:26.299] WARN  ua.uni.visual.Panels -> Autosave is off
[2026-05-21 16:07:25.394] INFO  ua.uni.visual.Panels -> UI initialized
[2026-05-21 16:07:25.394] DEBUG ua.uni.visual.Panels -> Canvas 40x30 is ready
[2026-05-21 16:07:25.394] WARN  ua.uni.visual.Panels -> Autosave is off
[2026-05-21 16:09:24.182] INFO  ua.uni.visual.Panels -> UI initialized
[2026-05-21 16:09:24.182] DEBUG ua.uni.visual.Panels -> Canvas 40x30 is ready
[2026-05-21 16:09:24.182] WARN  ua.uni.visual.Panels -> Autosave is off
[2026-05-21 16:13:30.593] INFO  ua.uni.visual.Panels -> UI initialized
[2026-05-21 16:13:30.593] DEBUG ua.uni.visual.Panels -> Canvas 40x30 is ready
[2026-05-21 16:13:30.593] WARN  ua.uni.visual.Panels -> Autosave is off
[2026-05-21 16:14:55.067] INFO  ua.uni.visual.Panels -> Color changed to #000000
[2026-05-21 16:14:55.585] INFO  ua.uni.visual.Panels -> Color changed to #FFFFFF
[2026-05-21 16:14:56.168] INFO  ua.uni.visual.Panels -> Color changed to #008C3C
[2026-05-21 16:14:56.668] INFO  ua.uni.visual.Panels -> Color changed to #0046B4
[2026-05-21 16:14:57.251] INFO  ua.uni.visual.Panels -> Color changed to #0046B4
[2026-05-21 16:16:02.962] INFO  ua.uni.visual.Panels -> UI initialized
[2026-05-21 16:16:02.962] DEBUG ua.uni.visual.Panels -> Canvas 40x30 is ready
[2026-05-21 16:16:02.962] WARN  ua.uni.visual.Panels -> Autosave is off
[2026-05-21 16:16:06.201] INFO  ua.uni.visual.Panels -> Grid resized to 40x30
[2026-05-21 16:16:07.035] INFO  ua.uni.visual.Panels -> Grid resized to 40x30
[2026-05-21 16:17:45.943] INFO  ua.uni.visual.Panels -> UI initialized
[2026-05-21 16:17:45.944] DEBUG ua.uni.visual.Panels -> Canvas 40x30 is ready
[2026-05-21 16:17:45.944] WARN  ua.uni.visual.Panels -> Autosave is off
[2026-05-21 16:18:25.422] INFO  ua.uni.visual.Panels -> UI initialized
[2026-05-21 16:18:25.423] DEBUG ua.uni.visual.Panels -> Canvas 40x30 is ready
[2026-05-21 16:18:25.423] WARN  ua.uni.visual.Panels -> Autosave is off
[2026-05-21 17:58:27.890] INFO  ua.uni.visual.Panels -> UI initialized
[2026-05-21 17:58:27.891] DEBUG ua.uni.visual.Panels -> Canvas 40x30 is ready
[2026-05-21 17:58:27.891] WARN  ua.uni.visual.Panels -> Autosave is off
[2026-05-21 17:58:33.988] INFO  ua.uni.visual.Menu -> Theme switched to dark
[2026-05-21 17:58:35.468] INFO  ua.uni.visual.Menu -> Theme switched to light
[2026-05-21 17:59:28.309] INFO  ua.uni.visual.Panels -> UI initialized
[2026-05-21 17:59:28.310] DEBUG ua.uni.visual.Panels -> Canvas 40x30 is ready
[2026-05-21 17:59:28.310] WARN  ua.uni.visual.Panels -> Autosave is off
[2026-05-21 18:01:56.710] INFO  ua.uni.visual.Panels -> UI initialized
[2026-05-21 18:01:56.711] DEBUG ua.uni.visual.Panels -> Canvas 40x30 is ready
[2026-05-21 18:01:56.711] WARN  ua.uni.visual.Panels -> Autosave is off
[2026-05-21 18:01:58.937] INFO  ua.uni.visual.Menu -> Theme switched to dark
[2026-05-21 18:02:02.527] INFO  ua.uni.visual.Menu -> Theme switched to light
[2026-05-21 18:02:04.060] INFO  ua.uni.visual.Menu -> Theme switched to dark
[2026-05-21 18:02:09.179] INFO  ua.uni.visual.Menu -> Theme switched to light
[2026-05-21 18:04:01.844] INFO  ua.uni.visual.Panels -> Custom color selected #009900
[2026-05-21 18:04:06.893] INFO  ua.uni.visual.Panels -> Custom color selected #00FF00
[2026-05-21 18:04:11.293] INFO  ua.uni.visual.Panels -> Custom color selected #00FFCC
[2026-05-21 18:04:31.726] INFO  ua.uni.visual.Panels -> Color changed to #FFFFFF
[2026-05-21 18:05:02.092] INFO  ua.uni.visual.Panels -> Color changed to #FF0000
[2026-05-21 20:05:12.992] INFO  ua.uni.visual.Panels -> Color changed to #C0C0C0
[2026-05-21 20:47:39.930] INFO  ua.uni.visual.Panels -> UI initialized
[2026-05-21 20:47:39.931] DEBUG ua.uni.visual.Panels -> Canvas 40x30 is ready
[2026-05-21 20:47:39.931] WARN  ua.uni.visual.Panels -> Autosave is off
[2026-05-21 20:47:56.600] INFO  ua.uni.visual.Menu -> Canvas cleared via Edit -> Clear Canvas
[2026-05-21 20:48:03.774] INFO  ua.uni.visual.Panels -> Color changed to #000000
[2026-05-21 20:48:18.474] INFO  ua.uni.visual.Panels -> Grid resized to 40x30
