[2026-05-25 17:29:44.160] INFO  ua.uni.visual.Panels -> UI initialized
[2026-05-25 17:29:44.162] DEBUG ua.uni.visual.Panels -> Canvas 40x30 is ready
[2026-05-25 17:29:44.162] WARN  ua.uni.visual.Panels -> Autosave is off
[2026-05-25 17:29:59.696] INFO  ua.uni.visual.Menu -> Canvas cleared via File -> New
[2026-05-25 17:30:01.191] INFO  ua.uni.visual.Panels -> Symmetry mode changed to horizontal
[2026-05-25 17:30:15.827] INFO  ua.uni.visual.Panels -> Symmetry mode changed to vertical
[2026-05-25 17:30:22.273] INFO  ua.uni.visual.Panels -> Color changed to #0046B4
[2026-05-25 17:30:25.489] INFO  ua.uni.visual.Panels -> Symmetry mode changed to horizontal + vertical
[2026-05-25 17:30:26.807] INFO  ua.uni.visual.Panels -> Color changed to #8C1919
[2026-05-25 17:30:27.757] INFO  ua.uni.visual.Panels -> Color changed to #C0C0C0
[2026-05-25 17:30:34.259] INFO  ua.uni.visual.Panels -> Symmetry mode changed to none
[2026-05-25 17:30:39.446] INFO  ua.uni.visual.Menu -> Canvas cleared via Edit -> Clear Canvas
[2026-05-25 17:43:55.262] INFO  ua.uni.visual.Panels -> Symmetry mode changed to vertical
[2026-05-25 17:44:52.645] INFO  ua.uni.visual.Panels -> Symmetry mode changed to none
[2026-05-25 17:44:53.811] INFO  ua.uni.visual.Panels -> Symmetry mode changed to horizontal
[2026-05-25 17:44:54.827] INFO  ua.uni.visual.Panels -> Symmetry mode changed to vertical
[2026-05-25 17:44:56.810] INFO  ua.uni.visual.Panels -> Symmetry mode changed to horizontal + vertical
[2026-05-25 17:52:18.123] INFO  ua.uni.visual.Panels -> UI initialized
[2026-05-25 17:52:18.123] DEBUG ua.uni.visual.Panels -> Canvas 40x30 is ready
[2026-05-25 17:52:18.123] WARN  ua.uni.visual.Panels -> Autosave is off
[2026-05-25 17:52:20.829] INFO  ua.uni.visual.Panels -> Symmetry mode changed to horizontal + vertical
[2026-05-25 17:54:12.990] INFO  ua.uni.visual.Menu -> Show Grid set to false via menu
[2026-05-25 17:54:19.037] INFO  ua.uni.visual.Menu -> Show Grid set to true via menu
[2026-05-25 17:54:19.979] INFO  ua.uni.visual.Panels -> Show Grid set to false
[2026-05-25 17:54:20.462] INFO  ua.uni.visual.Panels -> Show Grid set to true
[2026-05-25 17:54:21.079] INFO  ua.uni.visual.Panels -> Show Grid set to false
[2026-05-25 17:54:21.379] INFO  ua.uni.visual.Panels -> Show Grid set to true
[2026-05-25 17:54:21.845] INFO  ua.uni.visual.Panels -> Show Grid set to false
[2026-05-25 17:54:37.461] INFO  ua.uni.visual.Panels -> Show Grid set to true
[2026-05-25 21:50:20.959] INFO  ua.uni.visual.Panels -> UI initialized
[2026-05-25 21:50:20.960] DEBUG ua.uni.visual.Panels -> Canvas 40x30 is ready
[2026-05-25 21:50:20.960] WARN  ua.uni.visual.Panels -> Autosave is off
[2026-05-25 21:50:31.181] INFO  ua.uni.visual.Panels -> Fragment selection mode enabled
[2026-05-25 21:50:40.348] INFO  ua.uni.visual.Panels -> Selection cleared
[2026-05-25 21:57:55.795] INFO  ua.uni.visual.Panels -> UI initialized
[2026-05-25 21:57:55.796] DEBUG ua.uni.visual.Panels -> Canvas 40x30 is ready
[2026-05-25 21:57:55.796] WARN  ua.uni.visual.Panels -> Autosave is off
[2026-05-25 21:57:59.360] INFO  ua.uni.visual.Panels -> Fragment selection mode enabled
[2026-05-25 21:58:09.472] INFO  ua.uni.visual.Menu -> Canvas cleared via File -> New
[2026-05-25 21:58:13.143] INFO  ua.uni.visual.Panels -> Selection cleared
[2026-05-25 21:58:18.394] INFO  ua.uni.visual.Panels -> Selection cleared
[2026-05-25 21:58:22.709] INFO  ua.uni.visual.Panels -> Color changed to #FF0000
[2026-05-25 21:58:30.527] INFO  ua.uni.visual.Panels -> Ornament duplicated from selected fragment with symmetry NONE
[2026-05-25 21:58:33.744] INFO  ua.uni.visual.Panels -> Color changed to #FF0000
[2026-05-25 21:58:33.993] INFO  ua.uni.visual.Panels -> Color changed to #FF0000
[2026-05-25 21:59:36.947] INFO  ua.uni.visual.Panels -> UI initialized
[2026-05-25 21:59:36.948] DEBUG ua.uni.visual.Panels -> Canvas 40x30 is ready
[2026-05-25 21:59:36.948] WARN  ua.uni.visual.Panels -> Autosave is off
[2026-05-25 21:59:44.123] INFO  ua.uni.visual.Menu -> Canvas cleared via File -> New
[2026-05-25 21:59:45.410] INFO  ua.uni.visual.Panels -> Fragment selection mode enabled
[2026-05-25 21:59:48.243] INFO  ua.uni.visual.Panels -> Selection cleared
[2026-05-25 21:59:57.109] INFO  ua.uni.visual.Panels -> Fragment selection mode enabled
[2026-05-25 22:00:05.293] INFO  ua.uni.visual.Panels -> Ornament duplicated from selected fragment with symmetry NONE
[2026-05-25 22:00:12.976] INFO  ua.uni.visual.Panels -> Ornament duplicated from selected fragment with symmetry NONE
[2026-05-25 22:00:18.860] INFO  ua.uni.visual.Panels -> Ornament duplicated from selected fragment with symmetry NONE
[2026-05-25 22:00:26.592] INFO  ua.uni.visual.Panels -> Ornament duplicated from selected fragment with symmetry NONE
[2026-05-25 22:00:35.426] INFO  ua.uni.visual.Panels -> Selection cleared
[2026-05-25 22:00:37.575] INFO  ua.uni.visual.Panels -> Fragment selection mode enabled
[2026-05-25 22:00:42.359] INFO  ua.uni.visual.Panels -> Ornament duplicated from selected fragment with symmetry NONE
[2026-05-25 22:00:48.384] INFO  ua.uni.visual.Menu -> Canvas cleared via Edit -> Clear Canvas
[2026-05-25 22:00:51.443] INFO  ua.uni.visual.Panels -> Selection cleared
[2026-05-25 22:01:57.278] INFO  ua.uni.visual.Panels -> UI initialized
[2026-05-25 22:01:57.279] DEBUG ua.uni.visual.Panels -> Canvas 40x30 is ready
[2026-05-25 22:01:57.279] WARN  ua.uni.visual.Panels -> Autosave is off
[2026-05-25 22:02:18.183] INFO  ua.uni.visual.Menu -> Canvas cleared via File -> New
[2026-05-25 22:02:20.924] INFO  ua.uni.visual.Panels -> Color changed to #8C1919
[2026-05-25 22:02:30.524] INFO  ua.uni.visual.Panels -> Symmetry mode changed to horizontal
[2026-05-25 22:02:31.674] INFO  ua.uni.visual.Panels -> Color changed to #FF0000
[2026-05-25 22:02:40.375] INFO  ua.uni.visual.Panels -> Selection cleared
[2026-05-25 22:02:45.657] INFO  ua.uni.visual.Panels -> Fragment selection mode enabled
[2026-05-25 22:02:55.408] INFO  ua.uni.visual.Panels -> Ornament duplicated from selected fragment with symmetry HORIZONTAL
[2026-05-25 22:03:08.041] INFO  ua.uni.visual.Panels -> Ornament duplicated from selected fragment with symmetry HORIZONTAL
[2026-05-25 22:03:13.175] INFO  ua.uni.visual.Panels -> Ornament duplicated from selected fragment with symmetry HORIZONTAL
[2026-05-25 22:03:14.541] INFO  ua.uni.visual.Panels -> Ornament duplicated from selected fragment with symmetry HORIZONTAL
[2026-05-25 22:03:14.891] INFO  ua.uni.visual.Panels -> Ornament duplicated from selected fragment with symmetry HORIZONTAL
[2026-05-25 22:03:15.092] INFO  ua.uni.visual.Panels -> Ornament duplicated from selected fragment with symmetry HORIZONTAL
[2026-05-25 22:03:15.275] INFO  ua.uni.visual.Panels -> Ornament duplicated from selected fragment with symmetry HORIZONTAL
[2026-05-25 22:03:15.423] INFO  ua.uni.visual.Panels -> Ornament duplicated from selected fragment with symmetry HORIZONTAL
[2026-05-25 22:03:15.573] INFO  ua.uni.visual.Panels -> Ornament duplicated from selected fragment with symmetry HORIZONTAL
[2026-05-25 22:03:15.757] INFO  ua.uni.visual.Panels -> Ornament duplicated from selected fragment with symmetry HORIZONTAL
[2026-05-25 22:03:15.958] INFO  ua.uni.visual.Panels -> Ornament duplicated from selected fragment with symmetry HORIZONTAL
[2026-05-25 22:03:16.341] INFO  ua.uni.visual.Panels -> Ornament duplicated from selected fragment with symmetry HORIZONTAL
[2026-05-25 22:03:16.709] INFO  ua.uni.visual.Panels -> Ornament duplicated from selected fragment with symmetry HORIZONTAL
[2026-05-25 22:03:17.208] INFO  ua.uni.visual.Panels -> Ornament duplicated from selected fragment with symmetry HORIZONTAL
[2026-05-25 22:03:17.525] INFO  ua.uni.visual.Panels -> Ornament duplicated from selected fragment with symmetry HORIZONTAL
[2026-05-25 22:03:17.741] INFO  ua.uni.visual.Panels -> Ornament duplicated from selected fragment with symmetry HORIZONTAL
[2026-05-25 22:03:17.924] INFO  ua.uni.visual.Panels -> Ornament duplicated from selected fragment with symmetry HORIZONTAL
[2026-05-25 22:03:18.109] INFO  ua.uni.visual.Panels -> Ornament duplicated from selected fragment with symmetry HORIZONTAL
[2026-05-25 22:03:18.257] INFO  ua.uni.visual.Panels -> Ornament duplicated from selected fragment with symmetry HORIZONTAL
[2026-05-25 22:03:18.407] INFO  ua.uni.visual.Panels -> Ornament duplicated from selected fragment with symmetry HORIZONTAL
[2026-05-25 22:03:18.573] INFO  ua.uni.visual.Panels -> Ornament duplicated from selected fragment with symmetry HORIZONTAL
[2026-05-25 22:03:18.724] INFO  ua.uni.visual.Panels -> Ornament duplicated from selected fragment with symmetry HORIZONTAL
[2026-05-25 22:03:18.893] INFO  ua.uni.visual.Panels -> Ornament duplicated from selected fragment with symmetry HORIZONTAL
[2026-05-25 22:05:40.194] INFO  ua.uni.visual.Panels -> UI initialized
[2026-05-25 22:05:40.194] DEBUG ua.uni.visual.Panels -> Canvas 40x30 is ready
[2026-05-25 22:05:40.194] WARN  ua.uni.visual.Panels -> Autosave is off
[2026-05-25 22:05:49.468] INFO  ua.uni.visual.Menu -> Canvas cleared via File -> New
[2026-05-25 22:05:51.323] INFO  ua.uni.visual.Panels -> Color changed to #000000
[2026-05-25 22:05:51.955] INFO  ua.uni.visual.Panels -> Color changed to #FF0000
[2026-05-25 22:05:58.006] INFO  ua.uni.visual.Panels -> Fragment selection mode enabled
[2026-05-25 22:06:01.823] INFO  ua.uni.visual.Panels -> Ornament duplicated from selected fragment with symmetry NONE
[2026-05-25 22:06:09.506] INFO  ua.uni.visual.Panels -> Selection cleared
[2026-05-25 22:06:17.638] INFO  ua.uni.visual.Panels -> Fragment selection mode enabled
[2026-05-25 22:06:21.206] INFO  ua.uni.visual.Panels -> Ornament duplicated from selected fragment with symmetry NONE
[2026-05-25 22:06:29.023] INFO  ua.uni.visual.Panels -> Symmetry mode changed to horizontal
[2026-05-25 22:06:30.823] INFO  ua.uni.visual.Panels -> Ornament duplicated from selected fragment with symmetry HORIZONTAL
[2026-05-25 22:06:35.140] INFO  ua.uni.visual.Panels -> Symmetry mode changed to horizontal + vertical
[2026-05-25 22:06:36.038] INFO  ua.uni.visual.Panels -> Ornament duplicated from selected fragment with symmetry BOTH
[2026-05-25 22:06:37.489] INFO  ua.uni.visual.Panels -> Ornament duplicated from selected fragment with symmetry BOTH
[2026-05-25 22:06:37.872] INFO  ua.uni.visual.Panels -> Ornament duplicated from selected fragment with symmetry BOTH
[2026-05-25 22:06:38.256] INFO  ua.uni.visual.Panels -> Ornament duplicated from selected fragment with symmetry BOTH
[2026-05-25 22:06:38.656] INFO  ua.uni.visual.Panels -> Ornament duplicated from selected fragment with symmetry BOTH
[2026-05-25 22:06:39.355] INFO  ua.uni.visual.Panels -> Ornament duplicated from selected fragment with symmetry BOTH
[2026-05-25 22:06:40.139] INFO  ua.uni.visual.Panels -> Ornament duplicated from selected fragment with symmetry BOTH
[2026-05-25 22:06:40.639] INFO  ua.uni.visual.Panels -> Ornament duplicated from selected fragment with symmetry BOTH
[2026-05-25 22:06:45.656] INFO  ua.uni.visual.Panels -> Ornament duplicated from selected fragment with symmetry BOTH
[2026-05-25 22:06:47.006] INFO  ua.uni.visual.Panels -> Ornament duplicated from selected fragment with symmetry BOTH
[2026-05-25 22:06:47.737] INFO  ua.uni.visual.Panels -> Ornament duplicated from selected fragment with symmetry BOTH
[2026-05-25 22:06:49.189] INFO  ua.uni.visual.Panels -> Ornament duplicated from selected fragment with symmetry BOTH
[2026-05-25 22:06:49.790] INFO  ua.uni.visual.Panels -> Ornament duplicated from selected fragment with symmetry BOTH
[2026-05-25 22:06:51.172] INFO  ua.uni.visual.Panels -> Ornament duplicated from selected fragment with symmetry BOTH
[2026-05-25 22:06:51.572] INFO  ua.uni.visual.Panels -> Ornament duplicated from selected fragment with symmetry BOTH
[2026-05-25 22:06:53.705] INFO  ua.uni.visual.Panels -> Symmetry mode changed to vertical
[2026-05-25 22:06:55.005] INFO  ua.uni.visual.Panels -> Ornament duplicated from selected fragment with symmetry VERTICAL
[2026-05-25 22:07:48.703] INFO  ua.uni.visual.Panels -> Selection cleared
[2026-05-25 22:07:49.355] INFO  ua.uni.visual.Panels -> Fragment selection mode enabled
[2026-05-25 22:07:54.821] INFO  ua.uni.visual.Panels -> Selection cleared
[2026-05-25 22:07:55.304] INFO  ua.uni.visual.Panels -> Selection cleared
[2026-05-25 22:07:56.004] INFO  ua.uni.visual.Panels -> Fragment selection mode enabled
[2026-05-25 22:08:07.566] INFO  ua.uni.visual.Panels -> UI initialized
[2026-05-25 22:08:07.567] DEBUG ua.uni.visual.Panels -> Canvas 40x30 is ready
[2026-05-25 22:08:07.567] WARN  ua.uni.visual.Panels -> Autosave is off
[2026-05-25 22:08:10.571] INFO  ua.uni.visual.Panels -> Symmetry mode changed to horizontal
[2026-05-25 22:09:15.295] INFO  ua.uni.visual.Panels -> UI initialized
[2026-05-25 22:09:15.296] DEBUG ua.uni.visual.Panels -> Canvas 40x30 is ready
[2026-05-25 22:09:15.296] WARN  ua.uni.visual.Panels -> Autosave is off
[2026-05-25 22:11:03.411] INFO  ua.uni.visual.Panels -> UI initialized
[2026-05-25 22:11:03.412] DEBUG ua.uni.visual.Panels -> Canvas 40x30 is ready
[2026-05-25 22:11:03.412] WARN  ua.uni.visual.Panels -> Autosave is off
[2026-05-25 22:11:42.201] INFO  ua.uni.visual.Panels -> UI initialized
[2026-05-25 22:11:42.201] DEBUG ua.uni.visual.Panels -> Canvas 40x30 is ready
[2026-05-25 22:11:42.202] WARN  ua.uni.visual.Panels -> Autosave is off
[2026-05-25 22:12:38.966] INFO  ua.uni.visual.Panels -> UI initialized
[2026-05-25 22:12:38.966] DEBUG ua.uni.visual.Panels -> Canvas 40x30 is ready
[2026-05-25 22:12:38.966] WARN  ua.uni.visual.Panels -> Autosave is off
[2026-05-25 22:18:46.198] INFO  ua.uni.visual.Panels -> Color changed to #FF8C00
[2026-05-25 22:18:47.248] INFO  ua.uni.visual.Panels -> Color changed to #20B2AA
[2026-05-25 22:20:06.155] INFO  ua.uni.visual.Panels -> UI initialized
[2026-05-25 22:20:06.156] DEBUG ua.uni.visual.Panels -> Canvas 40x30 is ready
[2026-05-25 22:20:06.156] WARN  ua.uni.visual.Panels -> Autosave is off
[2026-05-25 22:20:25.680] INFO  ua.uni.visual.Menu -> Exit requested
[2026-05-25 22:20:31.809] INFO  ua.uni.visual.Panels -> UI initialized
[2026-05-25 22:20:31.810] DEBUG ua.uni.visual.Panels -> Canvas 40x30 is ready
[2026-05-25 22:20:31.810] WARN  ua.uni.visual.Panels -> Autosave is off
[2026-05-25 22:21:57.532] INFO  ua.uni.visual.Panels -> Symmetry mode changed to horizontal
[2026-05-25 22:21:59.079] INFO  ua.uni.visual.Panels -> Symmetry mode changed to vertical
[2026-05-25 22:21:59.579] INFO  ua.uni.visual.Panels -> Symmetry mode changed to horizontal + vertical
[2026-05-25 22:22:33.578] INFO  ua.uni.visual.Panels -> UI initialized
[2026-05-25 22:22:33.579] DEBUG ua.uni.visual.Panels -> Canvas 40x30 is ready
[2026-05-25 22:22:33.579] WARN  ua.uni.visual.Panels -> Autosave is off
[2026-05-25 22:22:36.330] INFO  ua.uni.visual.Panels -> Symmetry mode changed to vertical
[2026-05-25 22:22:57.055] INFO  ua.uni.visual.Panels -> UI initialized
[2026-05-25 22:22:57.055] DEBUG ua.uni.visual.Panels -> Canvas 40x30 is ready
[2026-05-25 22:22:57.055] WARN  ua.uni.visual.Panels -> Autosave is off
[2026-05-25 22:22:57.316] INFO  ua.uni.visual.Panels -> UI initialized
[2026-05-25 22:22:57.316] DEBUG ua.uni.visual.Panels -> Canvas 40x30 is ready
[2026-05-25 22:22:57.317] WARN  ua.uni.visual.Panels -> Autosave is off
